生成启动时间为 2018/3/19 20:57:46。
     1>项目“D:\code_server\server\cpp_src\srv_cfg\srv_cfg.vcxproj”在节点 2 上(Build 个目标)。
     1>ClCompile:
         D:\Microsoft Visual Studio 12.0\VC\bin\CL.exe /c /I..\..\depend\boost_1_60_0\ /I"..\..\depend\protobuf-3.3.0\src\\" /I"..\..\depend\rapidjson-1.1.0\include\\" /I"..\..\depend\MySQL Server 5.7\include\\" /I"..\..\depend\mysql-connector-c-6.1.6-src\include\\" /I"..\..\depend\mysql-connector-c++-1.1.7\\" /I"..\..\depend\mysql-connector-c++-1.1.7\driver\\" /I"..\..\depend\mysql-connector-c++-1.1.7\build\\" /I"..\..\depend\redis-win-3.0.503\deps\hiredis\\" /I..\lua_lib\src\ /I..\op_lib\ /I..\base_lib\ /ZI /nologo /W3 /WX- /sdl /Od /Oy- /D WIN32 /D _DEBUG /D _CONSOLE /D _LIB /D _SCL_SECURE_NO_WARNINGS /D _UNICODE /D UNICODE /Gm /EHsc /RTC1 /MTd /GS /fp:precise /Zc:wchar_t /Zc:forScope /Fo"D:\code_server\server\cpp_src\..\temp\Debug\srv_cfg\\" /Fd"D:\code_server\server\cpp_src\..\temp\Debug\srv_cfg\vc120.pdb" /Gd /TP /analyze- /errorReport:prompt cfg_server.cpp cfg_session.cpp
         cfg_session.cpp
         Please define _WIN32_WINNT or _WIN32_WINDOWS appropriately. For example:
         - add -D_WIN32_WINNT=0x0501 to the compiler command line; or
         - add _WIN32_WINNT=0x0501 to your project's Preprocessor Definitions.
         Assuming _WIN32_WINNT=0x0501 (i.e. Windows XP target).
     1>d:\code_server\server\depend\protobuf-3.3.0\src\google\protobuf\io\coded_stream.h(864): warning C4800: “google::protobuf::internal::AtomicWord”: 将值强制为布尔值“true”或“false”(性能警告)
     1>d:\code_server\server\depend\protobuf-3.3.0\src\google\protobuf\io\coded_stream.h(868): warning C4800: “google::protobuf::internal::Atomic32”: 将值强制为布尔值“true”或“false”(性能警告)
     1>d:\code_server\server\depend\mysql-connector-c++-1.1.7\cppconn\sqlstring.h(39): warning C4251: “sql::SQLString::realStr”: class“std::basic_string<char,std::char_traits<char>,std::allocator<char>>”需要有 dll 接口由 class“sql::SQLString”的客户端使用
     1>d:\code_server\server\depend\mysql-connector-c++-1.1.7\cppconn\exception.h(61): warning C4251: “sql::SQLException::sql_state”: class“std::basic_string<char,std::char_traits<char>,std::allocator<char>>”需要有 dll 接口由 class“sql::SQLException”的客户端使用
     1>d:\code_server\server\depend\mysql-connector-c++-1.1.7\cppconn\exception.h(145): warning C4251: “sql::SQLUnsupportedOptionException::option”: class“std::basic_string<char,std::char_traits<char>,std::allocator<char>>”需要有 dll 接口由 struct“sql::SQLUnsupportedOptionException”的客户端使用
     1>d:\code_server\server\depend\mysql-connector-c++-1.1.7\driver\mysql_driver.h(52): warning C4251: “sql::mysql::MySQL_Driver::proxy”: class“boost::scoped_ptr<sql::mysql::NativeAPI::NativeDriverWrapper>”需要有 dll 接口由 class“sql::mysql::MySQL_Driver”的客户端使用
     1>d:\code_server\server\depend\mysql-connector-c++-1.1.7\driver\mysql_connection.h(175): warning C4251: “sql::mysql::MySQL_Connection::proxy”: class“boost::shared_ptr<sql::mysql::NativeAPI::NativeConnectionWrapper>”需要有 dll 接口由 class“sql::mysql::MySQL_Connection”的客户端使用
     1>d:\code_server\server\depend\mysql-connector-c++-1.1.7\driver\mysql_connection.h(179): warning C4251: “sql::mysql::MySQL_Connection::service”: class“boost::scoped_ptr<sql::mysql::MySQL_Statement>”需要有 dll 接口由 class“sql::mysql::MySQL_Connection”的客户端使用
     1>d:\code_server\server\depend\mysql-connector-c++-1.1.7\driver\mysql_connection.h(181): warning C4251: “sql::mysql::MySQL_Connection::intern”: class“boost::scoped_ptr<sql::mysql::MySQL_ConnectionData>”需要有 dll 接口由 class“sql::mysql::MySQL_Connection”的客户端使用
         cfg_server.cpp
     1>d:\code_server\server\depend\protobuf-3.3.0\src\google\protobuf\io\coded_stream.h(864): warning C4800: “google::protobuf::internal::AtomicWord”: 将值强制为布尔值“true”或“false”(性能警告)
     1>d:\code_server\server\depend\protobuf-3.3.0\src\google\protobuf\io\coded_stream.h(868): warning C4800: “google::protobuf::internal::Atomic32”: 将值强制为布尔值“true”或“false”(性能警告)
     1>d:\code_server\server\depend\mysql-connector-c++-1.1.7\cppconn\sqlstring.h(39): warning C4251: “sql::SQLString::realStr”: class“std::basic_string<char,std::char_traits<char>,std::allocator<char>>”需要有 dll 接口由 class“sql::SQLString”的客户端使用
     1>d:\code_server\server\depend\mysql-connector-c++-1.1.7\cppconn\exception.h(61): warning C4251: “sql::SQLException::sql_state”: class“std::basic_string<char,std::char_traits<char>,std::allocator<char>>”需要有 dll 接口由 class“sql::SQLException”的客户端使用
     1>d:\code_server\server\depend\mysql-connector-c++-1.1.7\cppconn\exception.h(145): warning C4251: “sql::SQLUnsupportedOptionException::option”: class“std::basic_string<char,std::char_traits<char>,std::allocator<char>>”需要有 dll 接口由 struct“sql::SQLUnsupportedOptionException”的客户端使用
     1>d:\code_server\server\depend\mysql-connector-c++-1.1.7\driver\mysql_driver.h(52): warning C4251: “sql::mysql::MySQL_Driver::proxy”: class“boost::scoped_ptr<sql::mysql::NativeAPI::NativeDriverWrapper>”需要有 dll 接口由 class“sql::mysql::MySQL_Driver”的客户端使用
     1>d:\code_server\server\depend\mysql-connector-c++-1.1.7\driver\mysql_connection.h(175): warning C4251: “sql::mysql::MySQL_Connection::proxy”: class“boost::shared_ptr<sql::mysql::NativeAPI::NativeConnectionWrapper>”需要有 dll 接口由 class“sql::mysql::MySQL_Connection”的客户端使用
     1>d:\code_server\server\depend\mysql-connector-c++-1.1.7\driver\mysql_connection.h(179): warning C4251: “sql::mysql::MySQL_Connection::service”: class“boost::scoped_ptr<sql::mysql::MySQL_Statement>”需要有 dll 接口由 class“sql::mysql::MySQL_Connection”的客户端使用
     1>d:\code_server\server\depend\mysql-connector-c++-1.1.7\driver\mysql_connection.h(181): warning C4251: “sql::mysql::MySQL_Connection::intern”: class“boost::scoped_ptr<sql::mysql::MySQL_ConnectionData>”需要有 dll 接口由 class“sql::mysql::MySQL_Connection”的客户端使用
         正在生成代码...
       Link:
         D:\Microsoft Visual Studio 12.0\VC\bin\link.exe /ERRORREPORT:PROMPT /OUT:"D:\code_server\server\cpp_src\..\project\Debug\srv_cfg.exe" /INCREMENTAL /NOLOGO /LIBPATH:..\..\depend\boost_1_60_0\stage\lib\ ..\..\lib\Debug\lua_lib.lib ..\..\lib\Debug\op_lib.lib ..\..\lib\Debug\base_lib.lib kernel32.lib user32.lib gdi32.lib winspool.lib comdlg32.lib advapi32.lib shell32.lib ole32.lib oleaut32.lib uuid.lib odbc32.lib odbccp32.lib kernel32.lib user32.lib gdi32.lib winspool.lib comdlg32.lib advapi32.lib shell32.lib ole32.lib oleaut32.lib uuid.lib odbc32.lib odbccp32.lib /MANIFEST /MANIFESTUAC:"level='asInvoker' uiAccess='false'" /manifest:embed /DEBUG /PDB:"D:\code_server\server\cpp_src\..\project\Debug\srv_cfg.pdb" /SUBSYSTEM:CONSOLE /TLBID:1 /DYNAMICBASE /NXCOMPAT /IMPLIB:"D:\code_server\server\cpp_src\..\project\Debug\srv_cfg.lib" /MACHINE:X86 D:\code_server\server\cpp_src\..\temp\Debug\srv_cfg\cfg_db_mgr.obj
         D:\code_server\server\cpp_src\..\temp\Debug\srv_cfg\cfg_server.obj
         D:\code_server\server\cpp_src\..\temp\Debug\srv_cfg\cfg_server_cfg_mgr.obj
         D:\code_server\server\cpp_src\..\temp\Debug\srv_cfg\cfg_session.obj
         D:\code_server\server\cpp_src\..\temp\Debug\srv_cfg\cfg_session_mgr.obj
         D:\code_server\server\cpp_src\..\temp\Debug\srv_cfg\stdafx.obj
     1>base_lib.lib(base_db_connection.obj) : warning LNK4099: 未找到 PDB“vc120.pdb”(使用“base_lib.lib(base_db_connection.obj)”或在“D:\code_server\server\project\Debug\vc120.pdb”中寻找)；正在链接对象，如同没有调试信息一样
     1>base_lib.lib(base_lua_db_connection_pool.obj) : warning LNK4099: 未找到 PDB“vc120.pdb”(使用“base_lib.lib(base_lua_db_connection_pool.obj)”或在“D:\code_server\server\project\Debug\vc120.pdb”中寻找)；正在链接对象，如同没有调试信息一样
     1>base_lib.lib(base_server.obj) : warning LNK4099: 未找到 PDB“vc120.pdb”(使用“base_lib.lib(base_server.obj)”或在“D:\code_server\server\project\Debug\vc120.pdb”中寻找)；正在链接对象，如同没有调试信息一样
     1>base_lib.lib(base_db_connection_pool.obj) : warning LNK4099: 未找到 PDB“vc120.pdb”(使用“base_lib.lib(base_db_connection_pool.obj)”或在“D:\code_server\server\project\Debug\vc120.pdb”中寻找)；正在链接对象，如同没有调试信息一样
     1>base_lib.lib(base_game_log.obj) : warning LNK4099: 未找到 PDB“vc120.pdb”(使用“base_lib.lib(base_game_log.obj)”或在“D:\code_server\server\project\Debug\vc120.pdb”中寻找)；正在链接对象，如同没有调试信息一样
     1>base_lib.lib(base_gm_mgr.obj) : warning LNK4099: 未找到 PDB“vc120.pdb”(使用“base_lib.lib(base_gm_mgr.obj)”或在“D:\code_server\server\project\Debug\vc120.pdb”中寻找)；正在链接对象，如同没有调试信息一样
     1>base_lib.lib(lua_tinker.obj) : warning LNK4099: 未找到 PDB“vc120.pdb”(使用“base_lib.lib(lua_tinker.obj)”或在“D:\code_server\server\project\Debug\vc120.pdb”中寻找)；正在链接对象，如同没有调试信息一样
     1>base_lib.lib(lua_tinker_ex.obj) : warning LNK4099: 未找到 PDB“vc120.pdb”(使用“base_lib.lib(lua_tinker_ex.obj)”或在“D:\code_server\server\project\Debug\vc120.pdb”中寻找)；正在链接对象，如同没有调试信息一样
     1>base_lib.lib(base_game_time_mgr.obj) : warning LNK4099: 未找到 PDB“vc120.pdb”(使用“base_lib.lib(base_game_time_mgr.obj)”或在“D:\code_server\server\project\Debug\vc120.pdb”中寻找)；正在链接对象，如同没有调试信息一样
     1>base_lib.lib(base_net_dispatcher.obj) : warning LNK4099: 未找到 PDB“vc120.pdb”(使用“base_lib.lib(base_net_dispatcher.obj)”或在“D:\code_server\server\project\Debug\vc120.pdb”中寻找)；正在链接对象，如同没有调试信息一样
     1>base_lib.lib(base_io_service_pool.obj) : warning LNK4099: 未找到 PDB“vc120.pdb”(使用“base_lib.lib(base_io_service_pool.obj)”或在“D:\code_server\server\project\Debug\vc120.pdb”中寻找)；正在链接对象，如同没有调试信息一样
     1>base_lib.lib(base_net_server.obj) : warning LNK4099: 未找到 PDB“vc120.pdb”(使用“base_lib.lib(base_net_server.obj)”或在“D:\code_server\server\project\Debug\vc120.pdb”中寻找)；正在链接对象，如同没有调试信息一样
     1>base_lib.lib(base_net_server_session.obj) : warning LNK4099: 未找到 PDB“vc120.pdb”(使用“base_lib.lib(base_net_server_session.obj)”或在“D:\code_server\server\project\Debug\vc120.pdb”中寻找)；正在链接对象，如同没有调试信息一样
     1>base_lib.lib(base_windows_console.obj) : warning LNK4099: 未找到 PDB“vc120.pdb”(使用“base_lib.lib(base_windows_console.obj)”或在“D:\code_server\server\project\Debug\vc120.pdb”中寻找)；正在链接对象，如同没有调试信息一样
     1>base_lib.lib(Win32_variadicFunctor.obj) : warning LNK4099: 未找到 PDB“vc120.pdb”(使用“base_lib.lib(Win32_variadicFunctor.obj)”或在“D:\code_server\server\project\Debug\vc120.pdb”中寻找)；正在链接对象，如同没有调试信息一样
     1>base_lib.lib(Win32_Time.obj) : warning LNK4099: 未找到 PDB“vc120.pdb”(使用“base_lib.lib(Win32_Time.obj)”或在“D:\code_server\server\project\Debug\vc120.pdb”中寻找)；正在链接对象，如同没有调试信息一样
     1>base_lib.lib(win32_rfdmap.obj) : warning LNK4099: 未找到 PDB“vc120.pdb”(使用“base_lib.lib(win32_rfdmap.obj)”或在“D:\code_server\server\project\Debug\vc120.pdb”中寻找)；正在链接对象，如同没有调试信息一样
     1>base_lib.lib(Win32_RedisLog.obj) : warning LNK4099: 未找到 PDB“vc120.pdb”(使用“base_lib.lib(Win32_RedisLog.obj)”或在“D:\code_server\server\project\Debug\vc120.pdb”中寻找)；正在链接对象，如同没有调试信息一样
     1>base_lib.lib(Win32_fdapi_crt.obj) : warning LNK4099: 未找到 PDB“vc120.pdb”(使用“base_lib.lib(Win32_fdapi_crt.obj)”或在“D:\code_server\server\project\Debug\vc120.pdb”中寻找)；正在链接对象，如同没有调试信息一样
     1>base_lib.lib(Win32_FDAPI.obj) : warning LNK4099: 未找到 PDB“vc120.pdb”(使用“base_lib.lib(Win32_FDAPI.obj)”或在“D:\code_server\server\project\Debug\vc120.pdb”中寻找)；正在链接对象，如同没有调试信息一样
     1>base_lib.lib(Win32_EventLog.obj) : warning LNK4099: 未找到 PDB“vc120.pdb”(使用“base_lib.lib(Win32_EventLog.obj)”或在“D:\code_server\server\project\Debug\vc120.pdb”中寻找)；正在链接对象，如同没有调试信息一样
     1>base_lib.lib(Win32_Error.obj) : warning LNK4099: 未找到 PDB“vc120.pdb”(使用“base_lib.lib(Win32_Error.obj)”或在“D:\code_server\server\project\Debug\vc120.pdb”中寻找)；正在链接对象，如同没有调试信息一样
     1>base_lib.lib(Win32_Common.obj) : warning LNK4099: 未找到 PDB“vc120.pdb”(使用“base_lib.lib(Win32_Common.obj)”或在“D:\code_server\server\project\Debug\vc120.pdb”中寻找)；正在链接对象，如同没有调试信息一样
     1>base_lib.lib(Win32_ANSI.obj) : warning LNK4099: 未找到 PDB“vc120.pdb”(使用“base_lib.lib(Win32_ANSI.obj)”或在“D:\code_server\server\project\Debug\vc120.pdb”中寻找)；正在链接对象，如同没有调试信息一样
     1>base_lib.lib(wire_format.obj) : warning LNK4099: 未找到 PDB“vc120.pdb”(使用“base_lib.lib(wire_format.obj)”或在“D:\code_server\server\project\Debug\vc120.pdb”中寻找)；正在链接对象，如同没有调试信息一样
     1>base_lib.lib(unknown_field_set.obj) : warning LNK4099: 未找到 PDB“vc120.pdb”(使用“base_lib.lib(unknown_field_set.obj)”或在“D:\code_server\server\project\Debug\vc120.pdb”中寻找)；正在链接对象，如同没有调试信息一样
     1>base_lib.lib(text_format.obj) : warning LNK4099: 未找到 PDB“vc120.pdb”(使用“base_lib.lib(text_format.obj)”或在“D:\code_server\server\project\Debug\vc120.pdb”中寻找)；正在链接对象，如同没有调试信息一样
     1>base_lib.lib(substitute.obj) : warning LNK4099: 未找到 PDB“vc120.pdb”(使用“base_lib.lib(substitute.obj)”或在“D:\code_server\server\project\Debug\vc120.pdb”中寻找)；正在链接对象，如同没有调试信息一样
     1>base_lib.lib(reflection_ops.obj) : warning LNK4099: 未找到 PDB“vc120.pdb”(使用“base_lib.lib(reflection_ops.obj)”或在“D:\code_server\server\project\Debug\vc120.pdb”中寻找)；正在链接对象，如同没有调试信息一样
     1>base_lib.lib(message.obj) : warning LNK4099: 未找到 PDB“vc120.pdb”(使用“base_lib.lib(message.obj)”或在“D:\code_server\server\project\Debug\vc120.pdb”中寻找)；正在链接对象，如同没有调试信息一样
     1>base_lib.lib(map_field.obj) : warning LNK4099: 未找到 PDB“vc120.pdb”(使用“base_lib.lib(map_field.obj)”或在“D:\code_server\server\project\Debug\vc120.pdb”中寻找)；正在链接对象，如同没有调试信息一样
     1>base_lib.lib(zero_copy_stream_impl.obj) : warning LNK4099: 未找到 PDB“vc120.pdb”(使用“base_lib.lib(zero_copy_stream_impl.obj)”或在“D:\code_server\server\project\Debug\vc120.pdb”中寻找)；正在链接对象，如同没有调试信息一样
     1>base_lib.lib(tokenizer.obj) : warning LNK4099: 未找到 PDB“vc120.pdb”(使用“base_lib.lib(tokenizer.obj)”或在“D:\code_server\server\project\Debug\vc120.pdb”中寻找)；正在链接对象，如同没有调试信息一样
     1>base_lib.lib(strtod.obj) : warning LNK4099: 未找到 PDB“vc120.pdb”(使用“base_lib.lib(strtod.obj)”或在“D:\code_server\server\project\Debug\vc120.pdb”中寻找)；正在链接对象，如同没有调试信息一样
     1>base_lib.lib(generated_message_reflection.obj) : warning LNK4099: 未找到 PDB“vc120.pdb”(使用“base_lib.lib(generated_message_reflection.obj)”或在“D:\code_server\server\project\Debug\vc120.pdb”中寻找)；正在链接对象，如同没有调试信息一样
     1>base_lib.lib(extension_set_heavy.obj) : warning LNK4099: 未找到 PDB“vc120.pdb”(使用“base_lib.lib(extension_set_heavy.obj)”或在“D:\code_server\server\project\Debug\vc120.pdb”中寻找)；正在链接对象，如同没有调试信息一样
     1>base_lib.lib(dynamic_message.obj) : warning LNK4099: 未找到 PDB“vc120.pdb”(使用“base_lib.lib(dynamic_message.obj)”或在“D:\code_server\server\project\Debug\vc120.pdb”中寻找)；正在链接对象，如同没有调试信息一样
     1>base_lib.lib(descriptor_database.obj) : warning LNK4099: 未找到 PDB“vc120.pdb”(使用“base_lib.lib(descriptor_database.obj)”或在“D:\code_server\server\project\Debug\vc120.pdb”中寻找)；正在链接对象，如同没有调试信息一样
     1>base_lib.lib(descriptor.pb.obj) : warning LNK4099: 未找到 PDB“vc120.pdb”(使用“base_lib.lib(descriptor.pb.obj)”或在“D:\code_server\server\project\Debug\vc120.pdb”中寻找)；正在链接对象，如同没有调试信息一样
     1>base_lib.lib(descriptor.obj) : warning LNK4099: 未找到 PDB“vc120.pdb”(使用“base_lib.lib(descriptor.obj)”或在“D:\code_server\server\project\Debug\vc120.pdb”中寻找)；正在链接对象，如同没有调试信息一样
     1>base_lib.lib(any.obj) : warning LNK4099: 未找到 PDB“vc120.pdb”(使用“base_lib.lib(any.obj)”或在“D:\code_server\server\project\Debug\vc120.pdb”中寻找)；正在链接对象，如同没有调试信息一样
     1>base_lib.lib(wire_format_lite.obj) : warning LNK4099: 未找到 PDB“vc120.pdb”(使用“base_lib.lib(wire_format_lite.obj)”或在“D:\code_server\server\project\Debug\vc120.pdb”中寻找)；正在链接对象，如同没有调试信息一样
     1>base_lib.lib(strutil.obj) : warning LNK4099: 未找到 PDB“vc120.pdb”(使用“base_lib.lib(strutil.obj)”或在“D:\code_server\server\project\Debug\vc120.pdb”中寻找)；正在链接对象，如同没有调试信息一样
     1>base_lib.lib(structurally_valid.obj) : warning LNK4099: 未找到 PDB“vc120.pdb”(使用“base_lib.lib(structurally_valid.obj)”或在“D:\code_server\server\project\Debug\vc120.pdb”中寻找)；正在链接对象，如同没有调试信息一样
     1>base_lib.lib(stringprintf.obj) : warning LNK4099: 未找到 PDB“vc120.pdb”(使用“base_lib.lib(stringprintf.obj)”或在“D:\code_server\server\project\Debug\vc120.pdb”中寻找)；正在链接对象，如同没有调试信息一样
     1>base_lib.lib(stringpiece.obj) : warning LNK4099: 未找到 PDB“vc120.pdb”(使用“base_lib.lib(stringpiece.obj)”或在“D:\code_server\server\project\Debug\vc120.pdb”中寻找)；正在链接对象，如同没有调试信息一样
     1>base_lib.lib(status.obj) : warning LNK4099: 未找到 PDB“vc120.pdb”(使用“base_lib.lib(status.obj)”或在“D:\code_server\server\project\Debug\vc120.pdb”中寻找)；正在链接对象，如同没有调试信息一样
     1>base_lib.lib(once.obj) : warning LNK4099: 未找到 PDB“vc120.pdb”(使用“base_lib.lib(once.obj)”或在“D:\code_server\server\project\Debug\vc120.pdb”中寻找)；正在链接对象，如同没有调试信息一样
     1>base_lib.lib(int128.obj) : warning LNK4099: 未找到 PDB“vc120.pdb”(使用“base_lib.lib(int128.obj)”或在“D:\code_server\server\project\Debug\vc120.pdb”中寻找)；正在链接对象，如同没有调试信息一样
     1>base_lib.lib(common.obj) : warning LNK4099: 未找到 PDB“vc120.pdb”(使用“base_lib.lib(common.obj)”或在“D:\code_server\server\project\Debug\vc120.pdb”中寻找)；正在链接对象，如同没有调试信息一样
     1>base_lib.lib(atomicops_internals_x86_msvc.obj) : warning LNK4099: 未找到 PDB“vc120.pdb”(使用“base_lib.lib(atomicops_internals_x86_msvc.obj)”或在“D:\code_server\server\project\Debug\vc120.pdb”中寻找)；正在链接对象，如同没有调试信息一样
     1>base_lib.lib(repeated_field.obj) : warning LNK4099: 未找到 PDB“vc120.pdb”(使用“base_lib.lib(repeated_field.obj)”或在“D:\code_server\server\project\Debug\vc120.pdb”中寻找)；正在链接对象，如同没有调试信息一样
     1>base_lib.lib(message_lite.obj) : warning LNK4099: 未找到 PDB“vc120.pdb”(使用“base_lib.lib(message_lite.obj)”或在“D:\code_server\server\project\Debug\vc120.pdb”中寻找)；正在链接对象，如同没有调试信息一样
     1>base_lib.lib(zero_copy_stream_impl_lite.obj) : warning LNK4099: 未找到 PDB“vc120.pdb”(使用“base_lib.lib(zero_copy_stream_impl_lite.obj)”或在“D:\code_server\server\project\Debug\vc120.pdb”中寻找)；正在链接对象，如同没有调试信息一样
     1>base_lib.lib(zero_copy_stream.obj) : warning LNK4099: 未找到 PDB“vc120.pdb”(使用“base_lib.lib(zero_copy_stream.obj)”或在“D:\code_server\server\project\Debug\vc120.pdb”中寻找)；正在链接对象，如同没有调试信息一样
     1>base_lib.lib(coded_stream.obj) : warning LNK4099: 未找到 PDB“vc120.pdb”(使用“base_lib.lib(coded_stream.obj)”或在“D:\code_server\server\project\Debug\vc120.pdb”中寻找)；正在链接对象，如同没有调试信息一样
     1>base_lib.lib(generated_message_util.obj) : warning LNK4099: 未找到 PDB“vc120.pdb”(使用“base_lib.lib(generated_message_util.obj)”或在“D:\code_server\server\project\Debug\vc120.pdb”中寻找)；正在链接对象，如同没有调试信息一样
     1>base_lib.lib(extension_set.obj) : warning LNK4099: 未找到 PDB“vc120.pdb”(使用“base_lib.lib(extension_set.obj)”或在“D:\code_server\server\project\Debug\vc120.pdb”中寻找)；正在链接对象，如同没有调试信息一样
     1>base_lib.lib(arena.obj) : warning LNK4099: 未找到 PDB“vc120.pdb”(使用“base_lib.lib(arena.obj)”或在“D:\code_server\server\project\Debug\vc120.pdb”中寻找)；正在链接对象，如同没有调试信息一样
         srv_cfg.vcxproj -> D:\code_server\server\cpp_src\..\project\Debug\srv_cfg.exe
     1>已完成生成项目“D:\code_server\server\cpp_src\srv_cfg\srv_cfg.vcxproj”(Build 个目标)的操作。

生成成功。

已用时间 00:00:28.47
