生成启动时间为 2018/3/18 17:31:52。
     1>项目“D:\code_server\server\cpp_src\srv_login\srv_login.vcxproj”在节点 4 上(Build 个目标)。
     1>ClCompile:
         D:\Microsoft Visual Studio 12.0\VC\bin\CL.exe /c /I..\..\depend\boost_1_60_0\ /I"..\..\depend\protobuf-3.3.0\src\\" /I..\lua_lib\src\ /I"..\..\depend\pbc-cloudwu\\" /I"..\..\depend\pbc-cloudwu\src\\" /I"..\..\depend\redis-win-3.0.503\deps\hiredis\\" /I"..\..\depend\rapidjson-1.1.0\include" /I..\op_lib\ /I..\base_lib\ /Zi /nologo /W3 /WX- /sdl /O2 /Oi /Oy- /GL /D WIN32 /D NDEBUG /D _CONSOLE /D _LIB /D _CRT_SECURE_NO_WARNINGS /D _UNICODE /D UNICODE /Gm- /EHsc /MT /GS /Gy /fp:precise /Zc:wchar_t /Zc:forScope /Fo"D:\code_server\server\cpp_src\..\temp\Release\srv_login\\" /Fd"D:\code_server\server\cpp_src\..\temp\Release\srv_login\vc120.pdb" /Gd /TP /analyze- /errorReport:prompt login_cfg_session.cpp login_db_session.cpp login_session.cpp login_server.cpp login_session_mgr.cpp login_cfg_net_server.cpp stdafx.cpp web_server_mgr.cpp
         login_cfg_session.cpp
         Please define _WIN32_WINNT or _WIN32_WINDOWS appropriately. For example:
         - add -D_WIN32_WINNT=0x0501 to the compiler command line; or
         - add _WIN32_WINNT=0x0501 to your project's Preprocessor Definitions.
         Assuming _WIN32_WINNT=0x0501 (i.e. Windows XP target).
     1>D:\code_server\server\depend\protobuf-3.3.0\src\google/protobuf/io/coded_stream.h(864): warning C4800: “google::protobuf::internal::AtomicWord”: 将值强制为布尔值“true”或“false”(性能警告)
     1>D:\code_server\server\depend\protobuf-3.3.0\src\google/protobuf/io/coded_stream.h(868): warning C4800: “google::protobuf::internal::Atomic32”: 将值强制为布尔值“true”或“false”(性能警告)
         login_db_session.cpp
     1>login_db_session.cpp : warning C4819: 该文件包含不能在当前代码页(936)中表示的字符。请将该文件保存为 Unicode 格式以防止数据丢失
         Please define _WIN32_WINNT or _WIN32_WINDOWS appropriately. For example:
         - add -D_WIN32_WINNT=0x0501 to the compiler command line; or
         - add _WIN32_WINNT=0x0501 to your project's Preprocessor Definitions.
         Assuming _WIN32_WINNT=0x0501 (i.e. Windows XP target).
     1>D:\code_server\server\depend\protobuf-3.3.0\src\google/protobuf/io/coded_stream.h(864): warning C4800: “google::protobuf::internal::AtomicWord”: 将值强制为布尔值“true”或“false”(性能警告)
     1>D:\code_server\server\depend\protobuf-3.3.0\src\google/protobuf/io/coded_stream.h(868): warning C4800: “google::protobuf::internal::Atomic32”: 将值强制为布尔值“true”或“false”(性能警告)
     1>login_db_session.cpp(497): warning C4800: “google::protobuf::int32”: 将值强制为布尔值“true”或“false”(性能警告)
         login_session.cpp
         Please define _WIN32_WINNT or _WIN32_WINDOWS appropriately. For example:
         - add -D_WIN32_WINNT=0x0501 to the compiler command line; or
         - add _WIN32_WINNT=0x0501 to your project's Preprocessor Definitions.
         Assuming _WIN32_WINNT=0x0501 (i.e. Windows XP target).
     1>D:\code_server\server\depend\protobuf-3.3.0\src\google/protobuf/io/coded_stream.h(864): warning C4800: “google::protobuf::internal::AtomicWord”: 将值强制为布尔值“true”或“false”(性能警告)
     1>D:\code_server\server\depend\protobuf-3.3.0\src\google/protobuf/io/coded_stream.h(868): warning C4800: “google::protobuf::internal::Atomic32”: 将值强制为布尔值“true”或“false”(性能警告)
     1>login_session.cpp(1244): warning C4244: “参数”: 从“google::protobuf::int64”转换到“int”，可能丢失数据
     1>login_session.cpp(1262): warning C4244: “参数”: 从“google::protobuf::int64”转换到“int”，可能丢失数据
         login_server.cpp
         Please define _WIN32_WINNT or _WIN32_WINDOWS appropriately. For example:
         - add -D_WIN32_WINNT=0x0501 to the compiler command line; or
         - add _WIN32_WINNT=0x0501 to your project's Preprocessor Definitions.
         Assuming _WIN32_WINNT=0x0501 (i.e. Windows XP target).
     1>D:\code_server\server\depend\protobuf-3.3.0\src\google/protobuf/io/coded_stream.h(864): warning C4800: “google::protobuf::internal::AtomicWord”: 将值强制为布尔值“true”或“false”(性能警告)
     1>D:\code_server\server\depend\protobuf-3.3.0\src\google/protobuf/io/coded_stream.h(868): warning C4800: “google::protobuf::internal::Atomic32”: 将值强制为布尔值“true”或“false”(性能警告)
     1>login_server.cpp(110): warning C4244: “参数”: 从“int”转换到“float”，可能丢失数据
         login_session_mgr.cpp
         Please define _WIN32_WINNT or _WIN32_WINDOWS appropriately. For example:
         - add -D_WIN32_WINNT=0x0501 to the compiler command line; or
         - add _WIN32_WINNT=0x0501 to your project's Preprocessor Definitions.
         Assuming _WIN32_WINNT=0x0501 (i.e. Windows XP target).
     1>D:\code_server\server\depend\protobuf-3.3.0\src\google/protobuf/io/coded_stream.h(864): warning C4800: “google::protobuf::internal::AtomicWord”: 将值强制为布尔值“true”或“false”(性能警告)
     1>D:\code_server\server\depend\protobuf-3.3.0\src\google/protobuf/io/coded_stream.h(868): warning C4800: “google::protobuf::internal::Atomic32”: 将值强制为布尔值“true”或“false”(性能警告)
         login_cfg_net_server.cpp
         Please define _WIN32_WINNT or _WIN32_WINDOWS appropriately. For example:
         - add -D_WIN32_WINNT=0x0501 to the compiler command line; or
         - add _WIN32_WINNT=0x0501 to your project's Preprocessor Definitions.
         Assuming _WIN32_WINNT=0x0501 (i.e. Windows XP target).
     1>D:\code_server\server\depend\protobuf-3.3.0\src\google/protobuf/io/coded_stream.h(864): warning C4800: “google::protobuf::internal::AtomicWord”: 将值强制为布尔值“true”或“false”(性能警告)
     1>D:\code_server\server\depend\protobuf-3.3.0\src\google/protobuf/io/coded_stream.h(868): warning C4800: “google::protobuf::internal::Atomic32”: 将值强制为布尔值“true”或“false”(性能警告)
         stdafx.cpp
         web_server_mgr.cpp
         Please define _WIN32_WINNT or _WIN32_WINDOWS appropriately. For example:
         - add -D_WIN32_WINNT=0x0501 to the compiler command line; or
         - add _WIN32_WINNT=0x0501 to your project's Preprocessor Definitions.
         Assuming _WIN32_WINNT=0x0501 (i.e. Windows XP target).
     1>D:\code_server\server\depend\protobuf-3.3.0\src\google/protobuf/io/coded_stream.h(864): warning C4800: “google::protobuf::internal::AtomicWord”: 将值强制为布尔值“true”或“false”(性能警告)
     1>D:\code_server\server\depend\protobuf-3.3.0\src\google/protobuf/io/coded_stream.h(868): warning C4800: “google::protobuf::internal::Atomic32”: 将值强制为布尔值“true”或“false”(性能警告)
       Link:
         D:\Microsoft Visual Studio 12.0\VC\bin\link.exe /ERRORREPORT:PROMPT /OUT:"D:\code_server\server\cpp_src\..\project\Release\srv_login.exe" /INCREMENTAL:NO /NOLOGO /LIBPATH:..\..\depend\boost_1_60_0\stage\lib\ ..\..\lib\Release\lua_lib.lib ..\..\lib\Release\op_lib.lib ..\..\lib\Release\base_lib.lib kernel32.lib user32.lib gdi32.lib winspool.lib comdlg32.lib advapi32.lib shell32.lib ole32.lib oleaut32.lib uuid.lib odbc32.lib odbccp32.lib /MANIFEST /MANIFESTUAC:"level='asInvoker' uiAccess='false'" /manifest:embed /DEBUG /PDB:"D:\code_server\server\cpp_src\..\project\Release\srv_login.pdb" /SUBSYSTEM:CONSOLE /OPT:REF /OPT:ICF /LTCG /TLBID:1 /DYNAMICBASE /NXCOMPAT /IMPLIB:"D:\code_server\server\cpp_src\..\project\Release\srv_login.lib" /MACHINE:X86 /SAFESEH D:\code_server\server\cpp_src\..\temp\Release\srv_login\login_cfg_session.obj
         D:\code_server\server\cpp_src\..\temp\Release\srv_login\login_db_session.obj
         D:\code_server\server\cpp_src\..\temp\Release\srv_login\login_session.obj
         D:\code_server\server\cpp_src\..\temp\Release\srv_login\login_server.obj
         D:\code_server\server\cpp_src\..\temp\Release\srv_login\login_session_mgr.obj
         D:\code_server\server\cpp_src\..\temp\Release\srv_login\login_cfg_net_server.obj
         D:\code_server\server\cpp_src\..\temp\Release\srv_login\stdafx.obj
         D:\code_server\server\cpp_src\..\temp\Release\srv_login\web_server_mgr.obj
         正在生成代码
         已完成代码的生成
     1>base_lib.lib(base_net_server_session.obj) : warning LNK4099: 未找到 PDB“vc120.pdb”(使用“base_lib.lib(base_net_server_session.obj)”或在“D:\code_server\server\project\Release\vc120.pdb”中寻找)；正在链接对象，如同没有调试信息一样
     1>base_lib.lib(base_net_session.obj) : warning LNK4099: 未找到 PDB“vc120.pdb”(使用“base_lib.lib(base_net_session.obj)”或在“D:\code_server\server\project\Release\vc120.pdb”中寻找)；正在链接对象，如同没有调试信息一样
     1>base_lib.lib(base_net_dispatcher.obj) : warning LNK4099: 未找到 PDB“vc120.pdb”(使用“base_lib.lib(base_net_dispatcher.obj)”或在“D:\code_server\server\project\Release\vc120.pdb”中寻找)；正在链接对象，如同没有调试信息一样
     1>base_lib.lib(base_redis_con_thread.obj) : warning LNK4099: 未找到 PDB“vc120.pdb”(使用“base_lib.lib(base_redis_con_thread.obj)”或在“D:\code_server\server\project\Release\vc120.pdb”中寻找)；正在链接对象，如同没有调试信息一样
     1>base_lib.lib(base_net_server.obj) : warning LNK4099: 未找到 PDB“vc120.pdb”(使用“base_lib.lib(base_net_server.obj)”或在“D:\code_server\server\project\Release\vc120.pdb”中寻找)；正在链接对象，如同没有调试信息一样
     1>base_lib.lib(base_redis_con.obj) : warning LNK4099: 未找到 PDB“vc120.pdb”(使用“base_lib.lib(base_redis_con.obj)”或在“D:\code_server\server\project\Release\vc120.pdb”中寻找)；正在链接对象，如同没有调试信息一样
     1>base_lib.lib(base_utils_helper.obj) : warning LNK4099: 未找到 PDB“vc120.pdb”(使用“base_lib.lib(base_utils_helper.obj)”或在“D:\code_server\server\project\Release\vc120.pdb”中寻找)；正在链接对象，如同没有调试信息一样
     1>base_lib.lib(base_server.obj) : warning LNK4099: 未找到 PDB“vc120.pdb”(使用“base_lib.lib(base_server.obj)”或在“D:\code_server\server\project\Release\vc120.pdb”中寻找)；正在链接对象，如同没有调试信息一样
     1>base_lib.lib(base_game_time_mgr.obj) : warning LNK4099: 未找到 PDB“vc120.pdb”(使用“base_lib.lib(base_game_time_mgr.obj)”或在“D:\code_server\server\project\Release\vc120.pdb”中寻找)；正在链接对象，如同没有调试信息一样
     1>base_lib.lib(base_io_service_pool.obj) : warning LNK4099: 未找到 PDB“vc120.pdb”(使用“base_lib.lib(base_io_service_pool.obj)”或在“D:\code_server\server\project\Release\vc120.pdb”中寻找)；正在链接对象，如同没有调试信息一样
     1>base_lib.lib(lua_tinker.obj) : warning LNK4099: 未找到 PDB“vc120.pdb”(使用“base_lib.lib(lua_tinker.obj)”或在“D:\code_server\server\project\Release\vc120.pdb”中寻找)；正在链接对象，如同没有调试信息一样
     1>base_lib.lib(hiredis.obj) : warning LNK4099: 未找到 PDB“vc120.pdb”(使用“base_lib.lib(hiredis.obj)”或在“D:\code_server\server\project\Release\vc120.pdb”中寻找)；正在链接对象，如同没有调试信息一样
     1>base_lib.lib(r_keygen.obj) : warning LNK4099: 未找到 PDB“vc120.pdb”(使用“base_lib.lib(r_keygen.obj)”或在“D:\code_server\server\project\Release\vc120.pdb”中寻找)；正在链接对象，如同没有调试信息一样
     1>base_lib.lib(r_random.obj) : warning LNK4099: 未找到 PDB“vc120.pdb”(使用“base_lib.lib(r_random.obj)”或在“D:\code_server\server\project\Release\vc120.pdb”中寻找)；正在链接对象，如同没有调试信息一样
     1>base_lib.lib(FileMD5.obj) : warning LNK4099: 未找到 PDB“vc120.pdb”(使用“base_lib.lib(FileMD5.obj)”或在“D:\code_server\server\project\Release\vc120.pdb”中寻找)；正在链接对象，如同没有调试信息一样
     1>base_lib.lib(rsa.obj) : warning LNK4099: 未找到 PDB“vc120.pdb”(使用“base_lib.lib(rsa.obj)”或在“D:\code_server\server\project\Release\vc120.pdb”中寻找)；正在链接对象，如同没有调试信息一样
     1>base_lib.lib(base_game_log.obj) : warning LNK4099: 未找到 PDB“vc120.pdb”(使用“base_lib.lib(base_game_log.obj)”或在“D:\code_server\server\project\Release\vc120.pdb”中寻找)；正在链接对象，如同没有调试信息一样
     1>base_lib.lib(sds.obj) : warning LNK4099: 未找到 PDB“vc120.pdb”(使用“base_lib.lib(sds.obj)”或在“D:\code_server\server\project\Release\vc120.pdb”中寻找)；正在链接对象，如同没有调试信息一样
     1>base_lib.lib(Win32_FDAPI.obj) : warning LNK4099: 未找到 PDB“vc120.pdb”(使用“base_lib.lib(Win32_FDAPI.obj)”或在“D:\code_server\server\project\Release\vc120.pdb”中寻找)；正在链接对象，如同没有调试信息一样
     1>base_lib.lib(net.obj) : warning LNK4099: 未找到 PDB“vc120.pdb”(使用“base_lib.lib(net.obj)”或在“D:\code_server\server\project\Release\vc120.pdb”中寻找)；正在链接对象，如同没有调试信息一样
     1>base_lib.lib(Win32_Error.obj) : warning LNK4099: 未找到 PDB“vc120.pdb”(使用“base_lib.lib(Win32_Error.obj)”或在“D:\code_server\server\project\Release\vc120.pdb”中寻找)；正在链接对象，如同没有调试信息一样
     1>base_lib.lib(nn.obj) : warning LNK4099: 未找到 PDB“vc120.pdb”(使用“base_lib.lib(nn.obj)”或在“D:\code_server\server\project\Release\vc120.pdb”中寻找)；正在链接对象，如同没有调试信息一样
     1>base_lib.lib(prime.obj) : warning LNK4099: 未找到 PDB“vc120.pdb”(使用“base_lib.lib(prime.obj)”或在“D:\code_server\server\project\Release\vc120.pdb”中寻找)；正在链接对象，如同没有调试信息一样
     1>base_lib.lib(r_stdlib.obj) : warning LNK4099: 未找到 PDB“vc120.pdb”(使用“base_lib.lib(r_stdlib.obj)”或在“D:\code_server\server\project\Release\vc120.pdb”中寻找)；正在链接对象，如同没有调试信息一样
     1>base_lib.lib(md5c.obj) : warning LNK4099: 未找到 PDB“vc120.pdb”(使用“base_lib.lib(md5c.obj)”或在“D:\code_server\server\project\Release\vc120.pdb”中寻找)；正在链接对象，如同没有调试信息一样
     1>base_lib.lib(Win32_fdapi_crt.obj) : warning LNK4099: 未找到 PDB“vc120.pdb”(使用“base_lib.lib(Win32_fdapi_crt.obj)”或在“D:\code_server\server\project\Release\vc120.pdb”中寻找)；正在链接对象，如同没有调试信息一样
     1>base_lib.lib(Win32_Common.obj) : warning LNK4099: 未找到 PDB“vc120.pdb”(使用“base_lib.lib(Win32_Common.obj)”或在“D:\code_server\server\project\Release\vc120.pdb”中寻找)；正在链接对象，如同没有调试信息一样
     1>base_lib.lib(Win32_variadicFunctor.obj) : warning LNK4099: 未找到 PDB“vc120.pdb”(使用“base_lib.lib(Win32_variadicFunctor.obj)”或在“D:\code_server\server\project\Release\vc120.pdb”中寻找)；正在链接对象，如同没有调试信息一样
     1>base_lib.lib(Win32_RedisLog.obj) : warning LNK4099: 未找到 PDB“vc120.pdb”(使用“base_lib.lib(Win32_RedisLog.obj)”或在“D:\code_server\server\project\Release\vc120.pdb”中寻找)；正在链接对象，如同没有调试信息一样
     1>base_lib.lib(win32_rfdmap.obj) : warning LNK4099: 未找到 PDB“vc120.pdb”(使用“base_lib.lib(win32_rfdmap.obj)”或在“D:\code_server\server\project\Release\vc120.pdb”中寻找)；正在链接对象，如同没有调试信息一样
     1>base_lib.lib(Win32_ANSI.obj) : warning LNK4099: 未找到 PDB“vc120.pdb”(使用“base_lib.lib(Win32_ANSI.obj)”或在“D:\code_server\server\project\Release\vc120.pdb”中寻找)；正在链接对象，如同没有调试信息一样
     1>base_lib.lib(Win32_EventLog.obj) : warning LNK4099: 未找到 PDB“vc120.pdb”(使用“base_lib.lib(Win32_EventLog.obj)”或在“D:\code_server\server\project\Release\vc120.pdb”中寻找)；正在链接对象，如同没有调试信息一样
     1>base_lib.lib(Win32_Time.obj) : warning LNK4099: 未找到 PDB“vc120.pdb”(使用“base_lib.lib(Win32_Time.obj)”或在“D:\code_server\server\project\Release\vc120.pdb”中寻找)；正在链接对象，如同没有调试信息一样
         srv_login.vcxproj -> D:\code_server\server\cpp_src\..\project\Release\srv_login.exe
     1>已完成生成项目“D:\code_server\server\cpp_src\srv_login\srv_login.vcxproj”(Build 个目标)的操作。

生成成功。

已用时间 00:03:54.00
