d:\code_server\server\temp\debug\srv_gateway\vc120.pdb
d:\code_server\server\temp\debug\srv_gateway\vc120.idb
d:\code_server\server\temp\debug\srv_gateway\base_asyn_task_mgr.obj
d:\code_server\server\temp\debug\srv_gateway\base_http_request.obj
d:\code_server\server\temp\debug\srv_gateway\gate_game_session.obj
d:\code_server\server\temp\debug\srv_gateway\gate_login_session.obj
d:\code_server\server\temp\debug\srv_gateway\gate_client_session.obj
d:\code_server\server\temp\debug\srv_gateway\gate_server.obj
d:\code_server\server\temp\debug\srv_gateway\gate_session_mgr.obj
d:\code_server\server\temp\debug\srv_gateway\gate_cfg_net_server.obj
d:\code_server\server\temp\debug\srv_gateway\gate_cfg_session.obj
d:\code_server\server\temp\debug\srv_gateway\ip_mgr.obj
d:\code_server\server\temp\debug\srv_gateway\stdafx.obj
d:\code_server\server\project\debug\srv_gateway.ilk
d:\code_server\server\project\debug\srv_gateway.exe
d:\code_server\server\project\debug\srv_gateway.pdb
d:\code_server\server\cpp_src\..\project\debug\srv_gateway.pdb
d:\code_server\server\cpp_src\..\project\debug\srv_gateway.ilk
d:\code_server\server\temp\debug\srv_gateway\srv_gateway.tlog\cl.command.1.tlog
d:\code_server\server\temp\debug\srv_gateway\srv_gateway.tlog\cl.read.1.tlog
d:\code_server\server\temp\debug\srv_gateway\srv_gateway.tlog\cl.write.1.tlog
d:\code_server\server\temp\debug\srv_gateway\srv_gateway.tlog\link.command.1.tlog
d:\code_server\server\temp\debug\srv_gateway\srv_gateway.tlog\link.read.1.tlog
d:\code_server\server\temp\debug\srv_gateway\srv_gateway.tlog\link.write.1.tlog
